<?xml version="1.0" encoding="UTF-8"?>
<testsuite name="hexlet.code.TestValidator" tests="4" skipped="0" failures="0" errors="0" timestamp="2023-01-30T09:14:46" hostname="xushaha-All-Series" time="0.047">
  <properties/>
  <testcase name="testValidatorNumber()" classname="hexlet.code.TestValidator" time="0.036"/>
  <testcase name="testValidatorString()" classname="hexlet.code.TestValidator" time="0.003"/>
  <testcase name="testValidatorShape()" classname="hexlet.code.TestValidator" time="0.003"/>
  <testcase name="testValidatorMap()" classname="hexlet.code.TestValidator" time="0.002"/>
  <system-out><![CDATA[]]></system-out>
  <system-err><![CDATA[]]></system-err>
</testsuite>
