<?xml version="1.0" encoding="UTF-8"?>
<testsuite name="hexlet.code.TestValidator" tests="2" skipped="0" failures="0" errors="0" timestamp="2023-01-24T14:49:26" hostname="xushaha-All-Series" time="0.059">
  <properties/>
  <testcase name="testValidatorNumber()" classname="hexlet.code.TestValidator" time="0.052"/>
  <testcase name="testValidatorString()" classname="hexlet.code.TestValidator" time="0.004"/>
  <system-out><![CDATA[]]></system-out>
  <system-err><![CDATA[]]></system-err>
</testsuite>
