<?xml version="1.0" encoding="UTF-8"?>
<testsuite name="hexlet.code.TestValidator" tests="4" skipped="0" failures="0" errors="0" timestamp="2023-01-29T12:23:36" hostname="xushaha-All-Series" time="0.074">
  <properties/>
  <testcase name="testValidatorNumber()" classname="hexlet.code.TestValidator" time="0.058"/>
  <testcase name="testValidatorString()" classname="hexlet.code.TestValidator" time="0.004"/>
  <testcase name="testValidatorShape()" classname="hexlet.code.TestValidator" time="0.004"/>
  <testcase name="testValidatorMap()" classname="hexlet.code.TestValidator" time="0.002"/>
  <system-out><![CDATA[]]></system-out>
  <system-err><![CDATA[]]></system-err>
</testsuite>
