<?xml version="1.0" encoding="UTF-8"?>
<testsuite name="hexlet.code.TestValidator" tests="1" skipped="0" failures="0" errors="0" timestamp="2023-01-24T15:10:31" hostname="xushaha-All-Series" time="0.028">
  <properties/>
  <testcase name="testValidatorMap()" classname="hexlet.code.TestValidator" time="0.028"/>
  <system-out><![CDATA[]]></system-out>
  <system-err><![CDATA[]]></system-err>
</testsuite>
